Motif.P1.5.1 GGGGA
Motif.P1.5.2 GGGAA
Motif.P1.5.3 AACAA
Motif.P1.5.4 CCCGG
Motif.P1.5.5 GAACA
Motif.P1.5.6 AACGA
Motif.P1.5.7 CAAGA
Motif.P1.5.8 TTTCA
Motif.P1.5.9 AGTAG
Motif.P1.5.10 GAAAA
Motif.P1.5.11 TTCTT
Motif.P1.5.12 AAACA
Motif.P1.5.13 AACCG
Motif.P1.5.14 AAAGG
Motif.P1.5.15 GGAAA
Motif.P1.5.16 GTTCT
Motif.P1.5.17 ACAAG
Motif.P1.5.18 ACAAA
Motif.P1.5.19 TCTTT
Motif.P1.5.20 ATTTC
Motif.P1.5.21 AATGA
Motif.P1.5.22 AATTC
Motif.P1.5.23 AAAAG
Motif.P1.5.24 CGAAC
Motif.P1.5.25 ATGAA
Motif.P1.5.26 AGAAA
Motif.P1.5.27 CAAAC
Motif.P1.5.28 CGTTT
Motif.P1.5.29 TGCTT
Motif.P1.5.30 AATAA
Motif.P1.6.1 CGGCCG
Motif.P1.6.2 GGGGAC
Motif.P1.6.3 CCCGGG
Motif.P1.6.4 GGGCCC
Motif.P1.6.5 CGCGGC
Motif.P1.6.6 AGGGGC
Motif.P1.6.7 GCGCCG
Motif.P1.6.8 TTCCGC
Motif.P1.6.9 CCCCAG
Motif.P1.6.10 GCACGC
Motif.P1.6.11 GCCGGC
Motif.P1.6.12 GGTCGC
Motif.P1.6.13 ATGCCC
Motif.P1.6.14 CGGTCC
Motif.P1.6.15 GTAGCG
Motif.P1.6.16 CCGTCG
Motif.P1.6.17 GTGGCC
Motif.P1.6.18 GAGCAG
Motif.P1.6.19 CGGGTC
Motif.P1.6.20 CGCTCG
Motif.P1.6.21 GAGTGG
Motif.P1.6.22 CCTCGG
Motif.P1.6.23 CAGCGG
Motif.P1.6.24 CCACCG
Motif.P1.6.25 CACACG
Motif.P1.6.26 CGTACG
Motif.P1.6.27 GTCGGG
Motif.P1.6.28 ACCCCG
Motif.P1.6.29 GAGGGC
Motif.P1.6.30 CGAACC
Motif.P1.7.1 GGGGAAT
Motif.P1.7.2 TCCCCAG
Motif.P1.7.3 CGCGGCG
Motif.P1.7.4 GGGGGAC
Motif.P1.7.5 ACGGCCG
Motif.P1.7.6 GGGGCGT
Motif.P1.7.7 AGCTCGC
Motif.P1.7.8 AGAGGGG
Motif.P1.7.9 GATGGGG
Motif.P1.7.10 GGGACCG
Motif.P1.7.11 AGTAGGG
Motif.P1.7.12 GACAGGG
Motif.P1.7.13 CCGTCGC
Motif.P1.7.14 GGCGAAC
Motif.P1.7.15 CGTCGGT
Motif.P1.7.16 GAAAGAA
Motif.P1.7.17 ACACACG
Motif.P1.7.18 AGCGAGG
Motif.P1.7.19 ACCGAAC
Motif.P1.7.20 AACAAGC
Motif.P1.7.21 CGAGCGT
Motif.P1.7.22 CTGTTCT
Motif.P1.7.23 AGAGTAG
Motif.P1.7.24 GGAAACG
Motif.P1.7.25 ACGAACG
Motif.P1.7.26 TTTCTTG
Motif.P1.7.27 AGACCCG
Motif.P1.7.28 GTAGCGA
Motif.P1.7.29 CTATCGC
Motif.P1.7.30 CGAGGAA
Motif.P1.8.1 AATTCCCC
Motif.P1.8.2 GCTGGGGA
Motif.P1.8.3 CCCCGGGG
Motif.P1.8.4 CGGGGACC
Motif.P1.8.5 CGGCGGCG
Motif.P1.8.6 CGCTCGCC
Motif.P1.8.7 CCGGGTCG
Motif.P1.8.8 AGGCGTCC
Motif.P1.8.9 CCGTCGCG
Motif.P1.8.10 GAGTAGCG
Motif.P1.8.11 GTCGGCCC
Motif.P1.8.12 CCGATCGG
Motif.P1.8.13 TGGGGCCT
Motif.P1.8.14 AGGGGGGC
Motif.P1.8.15 CCAGTCCC
Motif.P1.8.16 CACCCCGT
Motif.P1.8.17 TCCCGGCC
Motif.P1.8.18 TCGTCCGA
Motif.P1.8.19 CCGCGGTA
Motif.P1.8.20 AAGCGCGC
Motif.P1.8.21 CAGCGAGG
Motif.P1.8.22 CACACGGG
Motif.P1.8.23 CAACTGGG
Motif.P1.8.24 GGCAGGTG
Motif.P1.8.25 CGTGCGTG
Motif.P1.8.26 GTGGTGGG
Motif.P1.8.27 CTGCGAAC
Motif.P1.8.28 GACCGGTC
Motif.P1.8.29 AGGTTGGG
Motif.P1.8.30 CCAGCAGG
Motif.P1.9.1 GACGGGGAA
Motif.P1.9.2 CCGCGGCGG
Motif.P1.9.3 GGGAAAGGG
Motif.P1.9.4 TCCCCTCTC
Motif.P1.9.5 CCCCCTCCT
Motif.P1.9.6 TAATTCCCC
Motif.P1.9.7 GGGGACCGG
Motif.P1.9.8 CCGACCGGG
Motif.P1.9.9 AGCGCGCCC
Motif.P1.9.10 GCGGCGACG
Motif.P1.9.11 AGGGGGGCC
Motif.P1.9.12 CACACGGGG
Motif.P1.9.13 CTCTCCCCA
Motif.P1.9.14 ACACACACG
Motif.P1.9.15 CAGTCGCGA
Motif.P1.9.16 AGGGTAGCG
Motif.P1.9.17 CCCGGCGTA
Motif.P1.9.18 TCGCTCGCC
Motif.P1.9.19 GTAGGGTGG
Motif.P1.9.20 CGCCCCCAC
Motif.P1.9.21 GCCGTACGG
Motif.P1.9.22 CGTCGGTTC
Motif.P1.9.23 CTTGTTCGT
Motif.P1.9.24 CTCCCTATC
Motif.P1.9.25 CCGTCGAAC
Motif.P1.9.26 GGAGCGTAG
Motif.P1.9.27 TACGCGCGT
Motif.P1.9.28 CGTGCACAC
Motif.P1.9.29 GGAAACCGA
Motif.P1.9.30 CCTCCACTC
Motif.P1.10.1 GGGGACCCGG
Motif.P1.10.2 GCGGCGACGG
Motif.P1.10.3 CCCGGCCGGG
Motif.P1.10.4 CTAATTCCCC
Motif.P1.10.5 AGTAGGGCCG
Motif.P1.10.6 TCCCCTACCT
Motif.P1.10.7 CGACCCGTCC
Motif.P1.10.8 AGAGGCGGCA
Motif.P1.10.9 GCCCCCCATC
Motif.P1.10.10 CTACTGCGGG
Motif.P1.10.11 GCCGTACGGC
Motif.P1.10.12 CAACTGGGAC
Motif.P1.10.13 GCGTGCGTGT
Motif.P1.10.14 GACCTCGCTG
Motif.P1.10.15 CCAGTCCCGT
Motif.P1.10.16 ACGTACCCAC
Motif.P1.10.17 CACTCTGCTC
Motif.P1.10.18 GTGCAGTCGC
Motif.P1.10.19 GCGTCGATTC
Motif.P1.10.20 CTTTCCCCAG
Motif.P1.10.21 GCCCCCGTAT
Motif.P1.10.22 TCGCGACCTG
Motif.P1.10.23 AGTAACGAGG
Motif.P1.10.24 GACCAGCAGG
Motif.P1.10.25 ATGTCGGCCC
Motif.P1.10.26 GGGAGTAGGC
Motif.P1.10.27 CCGAGAGTCC
Motif.P1.10.28 CATACACTCG
Motif.P1.10.29 CCACTCACCA
Motif.P1.10.30 GAGAACAACG
Motif.P1.11.1 CCCGGTCGCCG
Motif.P1.11.2 GCCCTCTCCCC
Motif.P1.11.3 AGACGGGGAAA
Motif.P1.11.4 ACCCGGCCGGG
Motif.P1.11.5 GGGGAACTAGC
Motif.P1.11.6 CTCCCCTCTCT
Motif.P1.11.7 GCGTGTGTGTG
Motif.P1.11.8 GTAGGGTAGCG
Motif.P1.11.9 TTCGTCGCTTC
Motif.P1.11.10 AACAGGTAGGG
Motif.P1.11.11 CGATGGGTGGA
Motif.P1.11.12 TTGGCCCTCTT
Motif.P1.11.13 CCAGAATGGAG
Motif.P1.11.14 AACGAACCGGA
Motif.P1.11.15 CTTGTTCGTGC
Motif.P1.11.16 CGAACAGAGGA
Motif.P1.11.17 CGTTGTTCTGT
Motif.P1.11.18 AAACGGTCGCG
Motif.P1.11.19 AGGAAACCGAA
Motif.P1.11.20 GAGAAGAGAAG
Motif.P1.11.21 AACAAACGAGG
Motif.P1.11.22 TCGTTGGTCCT
Motif.P1.11.23 AAAGCCGAACA
Motif.P1.11.24 TAACTCCGCTC
Motif.P1.11.25 GACCGGTCTAG
Motif.P1.11.26 GTGCCAAGAGA
Motif.P1.11.27 ACACCGAACGT
Motif.P1.11.28 GAGAGAACACA
Motif.P1.12.1 CTCTACTCACTC
Motif.P1.12.2 TCTCTTTTCCTC
Motif.P1.12.3 AAGAGGGGGAAA
Motif.P1.12.4 CGAACAGAGGAA
Motif.P1.12.5 AAAAGTGAAGGC
Motif.P1.12.6 CAAGAACCGACG
Motif.P1.12.7 GCACGAGAACAA
